<?xml version="1.0" encoding="UTF-8"?>
<!-- Generated by org.testng.reporters.JUnitReportReporter -->
<testsuite skipped="0" hostname="DESKTOP-D40I0MG" name="com.vtiger.VtigerExec" tests="1" failures="0" timestamp="2020-08-02T16:56:35 IST" time="112.059" errors="0">
  <testcase name="test_001" time="112.059" classname="com.vtiger.VtigerExec"/>
  <system-out/>
</testsuite> <!-- com.vtiger.VtigerExec -->
