<?xml version="1.0" encoding="UTF-8"?>
<!-- Generated by org.testng.reporters.JUnitReportReporter -->
<testsuite skipped="0" hostname="DESKTOP-D40I0MG" name="com.vtiger.genericUtils.DataBaseLib" tests="1" failures="0" timestamp="2020-08-01T09:31:45 IST" time="0.026" errors="0">
  <testcase name="randomFunc" time="0.026" classname="com.vtiger.genericUtils.DataBaseLib"/>
  <system-out/>
</testsuite> <!-- com.vtiger.genericUtils.DataBaseLib -->
